<?xml version="1.0" encoding="UTF-8" ?>
<testsuite errors="0" skipped="0" tests="4" time="0" failures="0" name="org.sakaiproject.myshowcase.model.ArtefactTagTest">
  <properties>
    <property value="Java(TM) 2 Runtime Environment, Standard Edition" name="java.runtime.name"/>
    <property value="c:\Program Files\Java\jdk1.5.0_21\jre\bin" name="sun.boot.library.path"/>
    <property value="1.5.0_21-b01" name="java.vm.version"/>
    <property value="Sun Microsystems Inc." name="java.vm.vendor"/>
    <property value="http://java.sun.com/" name="java.vendor.url"/>
    <property value=";" name="path.separator"/>
    <property value="Java HotSpot(TM) Client VM" name="java.vm.name"/>
    <property value="sun.io" name="file.encoding.pkg"/>
    <property value="GB" name="user.country"/>
    <property value="SUN_STANDARD" name="sun.java.launcher"/>
    <property value="" name="sun.os.patch.level"/>
    <property value="Java Virtual Machine Specification" name="java.vm.specification.name"/>
    <property value="C:\MyShowcase-trunk" name="user.dir"/>
    <property value="1.5.0_21-b01" name="java.runtime.version"/>
    <property value="sun.awt.Win32GraphicsEnvironment" name="java.awt.graphicsenv"/>
    <property value="C:\MyShowcase-trunk" name="basedir"/>
    <property value="c:\Program Files\Java\jdk1.5.0_21\jre\lib\endorsed" name="java.endorsed.dirs"/>
    <property value="x86" name="os.arch"/>
    <property value="C:\Users\JOHNBE~1\AppData\Local\Temp\surefirebooter1613389257586421791.jar" name="surefire.real.class.path"/>
    <property value="C:\Users\JOHNBE~1\AppData\Local\Temp\" name="java.io.tmpdir"/>
    <property value="
" name="line.separator"/>
    <property value="Sun Microsystems Inc." name="java.vm.specification.vendor"/>
    <property value="" name="user.variant"/>
    <property value="Windows 7" name="os.name"/>
    <property value="Cp1252" name="sun.jnu.encoding"/>
    <property value="c:\Program Files\Java\jdk1.5.0_21\jre\bin;.;C:\Windows\system32;C:\Windows;C:\Windows\system32;C:\Windows;C:\Windows\System32\Wbem;C:\Windows\System32\WindowsPowerShell\v1.0\;C:\Program Files\TortoiseSVN\bin;C:\Program Files (x86)\Microsoft SQL Server\100\Tools\Binn\VSShell\Common7\IDE\;C:\Program Files (x86)\Microsoft SQL Server\100\Tools\Binn\;C:\Program Files\Microsoft SQL Server\100\Tools\Binn\;C:\Program Files (x86)\Microsoft SQL Server\100\DTS\Binn\;C:\Program Files\Microsoft SQL Server\100\DTS\Binn\;c:\Program Files\Java\jdk1.5.0_21\bin;C:\Program Files\MySQL\MySQL Server 5.0\bin;C:\Maven\apache-maven-2.2.1\bin;C:\opt\tomcat\bin;C:\Windows\system32;C:\Windows;C:\Windows\System32\Wbem;C:\Windows\System32\WindowsPowerShell\v1.0\;C:\Program Files\TortoiseSVN\bin;C:\Program Files (x86)\Microsoft SQL Server\100\Tools\Binn\VSShell\Common7\IDE\;C:\Program Files (x86)\Microsoft SQL Server\100\Tools\Binn\;C:\Program Files\Microsoft SQL Server\100\Tools\Binn\;C:\Program Files (x86)\Microsoft SQL Server\100\DTS\Binn\;C:\Program Files\Microsoft SQL Server\100\DTS\Binn\;c:\Program Files\Java\jdk1.5.0_21\bin;C:\Program Files\MySQL\MySQL Server 5.0\bin;C:\Maven\apache-maven-2.2.1\bin;C:\opt\tomcat\bin;C:\Windows\system32;C:\Windows;C:\Windows\System32\Wbem;C:\Windows\System32\WindowsPowerShell\v1.0\;C:\Program Files\TortoiseSVN\bin;C:\Program Files (x86)\Microsoft SQL Server\100\Tools\Binn\VSShell\Common7\IDE\;C:\Program Files (x86)\Microsoft SQL Server\100\Tools\Binn\;C:\Program Files\Microsoft SQL Server\100\Tools\Binn\;C:\Program Files (x86)\Microsoft SQL Server\100\DTS\Binn\;C:\Program Files\Microsoft SQL Server\100\DTS\Binn\;c:\Program Files\Java\jdk1.5.0_21\bin;C:\Program Files\MySQL\MySQL Server 5.0\bin;C:\Maven\apache-maven-2.2.1\bin;C:\opt\tomcat\bin;C:\Windows\System32;C:\Program Files (x86)\MySQL\MySQL Server 5.0\bin;C:\Program Files (x86)\MySQL\MySQL Server 5.0\bin;C:\Program Files (x86)\MySQL\MySQL Server 5.0\bin" name="java.library.path"/>
    <property value="C:\MyShowcase-trunk\target\test-classes;C:\MyShowcase-trunk\target\classes;C:\Users\john bentley\.m2\repository\org\twitter4j\twitter4j-core\2.1.6\twitter4j-core-2.1.6.jar;C:\Users\john bentley\.m2\repository\com\aetrion\flickr\flickrapi\1.1\flickrapi-1.1.jar;C:\Users\john bentley\.m2\repository\axis\axis\1.2.1\axis-1.2.1.jar;C:\Users\john bentley\.m2\repository\commons-logging\commons-logging\1.0.4\commons-logging-1.0.4.jar;C:\Users\john bentley\.m2\repository\commons-discovery\commons-discovery\0.2\commons-discovery-0.2.jar;C:\Users\john bentley\.m2\repository\axis\axis-jaxrpc\1.2.1\axis-jaxrpc-1.2.1.jar;C:\Users\john bentley\.m2\repository\javax\servlet\jsp-api\2.0\jsp-api-2.0.jar;C:\Users\john bentley\.m2\repository\javax\servlet\servlet-api\2.4\servlet-api-2.4.jar;C:\Users\john bentley\.m2\repository\javax\mail\mail\1.4\mail-1.4.jar;C:\Users\john bentley\.m2\repository\javax\activation\activation\1.1\activation-1.1.jar;C:\Users\john bentley\.m2\repository\junit\junit\4.7\junit-4.7.jar;C:\Users\john bentley\.m2\repository\org\sakaiproject\generic-dao\0.9.17\generic-dao-0.9.17.jar;C:\Users\john bentley\.m2\repository\org\azeckoski\reflectutils\0.9.10\reflectutils-0.9.10.jar;C:\Users\john bentley\.m2\repository\org\springframework\spring\2.0.6\spring-2.0.6.jar;C:\Users\john bentley\.m2\repository\org\hibernate\hibernate\3.2.5.ga\hibernate-3.2.5.ga.jar;C:\Users\john bentley\.m2\repository\net\sf\ehcache\ehcache\1.2.3\ehcache-1.2.3.jar;C:\Users\john bentley\.m2\repository\commons-collections\commons-collections\3.1\commons-collections-3.1.jar;C:\Users\john bentley\.m2\repository\javax\transaction\jta\1.0.1B\jta-1.0.1B.jar;C:\Users\john bentley\.m2\repository\asm\asm-attrs\1.5.3\asm-attrs-1.5.3.jar;C:\Users\john bentley\.m2\repository\dom4j\dom4j\1.6.1\dom4j-1.6.1.jar;C:\Users\john bentley\.m2\repository\antlr\antlr\2.7.6\antlr-2.7.6.jar;C:\Users\john bentley\.m2\repository\cglib\cglib\2.1_3\cglib-2.1_3.jar;C:\Users\john bentley\.m2\repository\asm\asm\1.5.3\asm-1.5.3.jar;C:\Users\john bentley\.m2\repository\commons-dbcp\commons-dbcp\1.2.2\commons-dbcp-1.2.2.jar;C:\Users\john bentley\.m2\repository\commons-pool\commons-pool\1.3\commons-pool-1.3.jar;C:\Users\john bentley\.m2\repository\commons-fileupload\commons-fileupload\1.2\commons-fileupload-1.2.jar;C:\Users\john bentley\.m2\repository\commons-io\commons-io\1.4\commons-io-1.4.jar;C:\Users\john bentley\.m2\repository\commons-lang\commons-lang\2.1\commons-lang-2.1.jar;C:\Users\john bentley\.m2\repository\javax\servlet\jstl\1.1.2\jstl-1.1.2.jar;C:\Users\john bentley\.m2\repository\taglibs\standard\1.1.2\standard-1.1.2.jar;C:\Users\john bentley\.m2\repository\org\springframework\spring-mock\2.0.6\spring-mock-2.0.6.jar;C:\Users\john bentley\.m2\repository\hsqldb\hsqldb\1.8.0.5\hsqldb-1.8.0.5.jar;C:\Users\john bentley\.m2\repository\easymock\easymock\1.2_Java1.3\easymock-1.2_Java1.3.jar;C:\Users\john bentley\.m2\repository\net\java\dev\rome\rome\1.0.0\rome-1.0.0.jar;C:\Users\john bentley\.m2\repository\jdom\jdom\1.0\jdom-1.0.jar;C:\Users\john bentley\.m2\repository\org\jdom\jdom\1.1\jdom-1.1.jar;C:\Users\john bentley\.m2\repository\com\google\code\gson\gson\1.4\gson-1.4.jar;C:\Users\john bentley\.m2\repository\org\json\json\20090211\json-20090211.jar;" name="surefire.test.class.path"/>
    <property value="Java Platform API Specification" name="java.specification.name"/>
    <property value="49.0" name="java.class.version"/>
    <property value="HotSpot Client Compiler" name="sun.management.compiler"/>
    <property value="6.1" name="os.version"/>
    <property value="C:\Users\john bentley" name="user.home"/>
    <property value="Europe/London" name="user.timezone"/>
    <property value="sun.awt.windows.WPrinterJob" name="java.awt.printerjob"/>
    <property value="1.5" name="java.specification.version"/>
    <property value="Cp1252" name="file.encoding"/>
    <property value="John Bentley" name="user.name"/>
    <property value="C:\MyShowcase-trunk\target\test-classes;C:\MyShowcase-trunk\target\classes;C:\Users\john bentley\.m2\repository\org\twitter4j\twitter4j-core\2.1.6\twitter4j-core-2.1.6.jar;C:\Users\john bentley\.m2\repository\com\aetrion\flickr\flickrapi\1.1\flickrapi-1.1.jar;C:\Users\john bentley\.m2\repository\axis\axis\1.2.1\axis-1.2.1.jar;C:\Users\john bentley\.m2\repository\commons-logging\commons-logging\1.0.4\commons-logging-1.0.4.jar;C:\Users\john bentley\.m2\repository\commons-discovery\commons-discovery\0.2\commons-discovery-0.2.jar;C:\Users\john bentley\.m2\repository\axis\axis-jaxrpc\1.2.1\axis-jaxrpc-1.2.1.jar;C:\Users\john bentley\.m2\repository\javax\servlet\jsp-api\2.0\jsp-api-2.0.jar;C:\Users\john bentley\.m2\repository\javax\servlet\servlet-api\2.4\servlet-api-2.4.jar;C:\Users\john bentley\.m2\repository\javax\mail\mail\1.4\mail-1.4.jar;C:\Users\john bentley\.m2\repository\javax\activation\activation\1.1\activation-1.1.jar;C:\Users\john bentley\.m2\repository\junit\junit\4.7\junit-4.7.jar;C:\Users\john bentley\.m2\repository\org\sakaiproject\generic-dao\0.9.17\generic-dao-0.9.17.jar;C:\Users\john bentley\.m2\repository\org\azeckoski\reflectutils\0.9.10\reflectutils-0.9.10.jar;C:\Users\john bentley\.m2\repository\org\springframework\spring\2.0.6\spring-2.0.6.jar;C:\Users\john bentley\.m2\repository\org\hibernate\hibernate\3.2.5.ga\hibernate-3.2.5.ga.jar;C:\Users\john bentley\.m2\repository\net\sf\ehcache\ehcache\1.2.3\ehcache-1.2.3.jar;C:\Users\john bentley\.m2\repository\commons-collections\commons-collections\3.1\commons-collections-3.1.jar;C:\Users\john bentley\.m2\repository\javax\transaction\jta\1.0.1B\jta-1.0.1B.jar;C:\Users\john bentley\.m2\repository\asm\asm-attrs\1.5.3\asm-attrs-1.5.3.jar;C:\Users\john bentley\.m2\repository\dom4j\dom4j\1.6.1\dom4j-1.6.1.jar;C:\Users\john bentley\.m2\repository\antlr\antlr\2.7.6\antlr-2.7.6.jar;C:\Users\john bentley\.m2\repository\cglib\cglib\2.1_3\cglib-2.1_3.jar;C:\Users\john bentley\.m2\repository\asm\asm\1.5.3\asm-1.5.3.jar;C:\Users\john bentley\.m2\repository\commons-dbcp\commons-dbcp\1.2.2\commons-dbcp-1.2.2.jar;C:\Users\john bentley\.m2\repository\commons-pool\commons-pool\1.3\commons-pool-1.3.jar;C:\Users\john bentley\.m2\repository\commons-fileupload\commons-fileupload\1.2\commons-fileupload-1.2.jar;C:\Users\john bentley\.m2\repository\commons-io\commons-io\1.4\commons-io-1.4.jar;C:\Users\john bentley\.m2\repository\commons-lang\commons-lang\2.1\commons-lang-2.1.jar;C:\Users\john bentley\.m2\repository\javax\servlet\jstl\1.1.2\jstl-1.1.2.jar;C:\Users\john bentley\.m2\repository\taglibs\standard\1.1.2\standard-1.1.2.jar;C:\Users\john bentley\.m2\repository\org\springframework\spring-mock\2.0.6\spring-mock-2.0.6.jar;C:\Users\john bentley\.m2\repository\hsqldb\hsqldb\1.8.0.5\hsqldb-1.8.0.5.jar;C:\Users\john bentley\.m2\repository\easymock\easymock\1.2_Java1.3\easymock-1.2_Java1.3.jar;C:\Users\john bentley\.m2\repository\net\java\dev\rome\rome\1.0.0\rome-1.0.0.jar;C:\Users\john bentley\.m2\repository\jdom\jdom\1.0\jdom-1.0.jar;C:\Users\john bentley\.m2\repository\org\jdom\jdom\1.1\jdom-1.1.jar;C:\Users\john bentley\.m2\repository\com\google\code\gson\gson\1.4\gson-1.4.jar;C:\Users\john bentley\.m2\repository\org\json\json\20090211\json-20090211.jar;" name="java.class.path"/>
    <property value="1.0" name="java.vm.specification.version"/>
    <property value="32" name="sun.arch.data.model"/>
    <property value="c:\Program Files\Java\jdk1.5.0_21\jre" name="java.home"/>
    <property value="Sun Microsystems Inc." name="java.specification.vendor"/>
    <property value="en" name="user.language"/>
    <property value="sun.awt.windows.WToolkit" name="awt.toolkit"/>
    <property value="mixed mode, sharing" name="java.vm.info"/>
    <property value="1.5.0_21" name="java.version"/>
    <property value="c:\Program Files\Java\jdk1.5.0_21\jre\lib\ext" name="java.ext.dirs"/>
    <property value="c:\Program Files\Java\jdk1.5.0_21\jre\lib\rt.jar;c:\Program Files\Java\jdk1.5.0_21\jre\lib\i18n.jar;c:\Program Files\Java\jdk1.5.0_21\jre\lib\sunrsasign.jar;c:\Program Files\Java\jdk1.5.0_21\jre\lib\jsse.jar;c:\Program Files\Java\jdk1.5.0_21\jre\lib\jce.jar;c:\Program Files\Java\jdk1.5.0_21\jre\lib\charsets.jar;c:\Program Files\Java\jdk1.5.0_21\jre\classes" name="sun.boot.class.path"/>
    <property value="Sun Microsystems Inc." name="java.vendor"/>
    <property value="C:\Users\john bentley\.m2\repository" name="localRepository"/>
    <property value="\" name="file.separator"/>
    <property value="http://java.sun.com/cgi-bin/bugreport.cgi" name="java.vendor.url.bug"/>
    <property value="little" name="sun.cpu.endian"/>
    <property value="UnicodeLittle" name="sun.io.unicode.encoding"/>
    <property value="windows" name="sun.desktop"/>
    <property value="pentium_pro+mmx pentium_pro pentium+mmx pentium i486 i386 i86" name="sun.cpu.isalist"/>
  </properties>
  <testcase classname="org.sakaiproject.myshowcase.model.ArtefactTagTest" time="0" name="getArtefactTest"/>
  <testcase classname="org.sakaiproject.myshowcase.model.ArtefactTagTest" time="0" name="getArtefactTagIdTest"/>
  <testcase classname="org.sakaiproject.myshowcase.model.ArtefactTagTest" time="0" name="setArtefactTagIdTest"/>
  <testcase classname="org.sakaiproject.myshowcase.model.ArtefactTagTest" time="0" name="getTagTest"/>
</testsuite>